<?xml version="1.0" encoding="UTF-8"?>
<!-- Generated by org.testng.reporters.JUnitReportReporter -->
<testsuite hostname="DESKTOP-93BVKP5" failures="0" tests="2" name="com.TestRunner.TestRunner" time="34.901" errors="0" timestamp="2024-09-02T17:21:29 IST" skipped="0">
  <testcase classname="com.TestRunner.TestRunner" name="runScenario" time="11.557"/>
  <testcase classname="com.TestRunner.TestRunner" name="runScenario" time="23.344"/>
</testsuite> <!-- com.TestRunner.TestRunner -->
