<?xml version="1.0" encoding="UTF-8"?>
<!-- Generated by org.testng.reporters.JUnitReportReporter -->
<testsuite hostname="DESKTOP-93BVKP5" failures="0" tests="2" name="com.TestRunner.TestRunner" time="73.545" errors="0" timestamp="2024-09-06T20:39:24 IST" skipped="0">
  <testcase classname="com.TestRunner.TestRunner" name="runScenario" time="13.220"/>
  <testcase classname="com.TestRunner.TestRunner" name="runScenario" time="60.325"/>
</testsuite> <!-- com.TestRunner.TestRunner -->
